<?xml version="1.0" encoding="UTF-8"?>
<!-- Generated by org.testng.reporters.JUnitXMLReporter -->
<testsuite ignored="0" hostname="sai" failures="4" tests="4" name="MasterTest1(failed)" time="3985.263" errors="0" timestamp="2026-04-02T19:56:34 IST">
  <testcase classname="tastCases.TC003_LoginDDT" name="verify_loginDDT" time="11.772">
    <failure type="java.lang.AssertionError" message="expected [true] but found [false]">
      <![CDATA[java.lang.AssertionError: expected [true] but found [false]
at tastCases.TC003_LoginDDT.verify_loginDDT(TC003_LoginDDT.java:44)
at java.base/java.util.ArrayList.forEach(ArrayList.java:1597)
... Removed 29 stack frames]]>
    </failure>
  </testcase> <!-- verify_loginDDT -->
  <testcase classname="tastCases.TC003_LoginDDT" name="verify_loginDDT" time="13.196">
    <failure type="java.lang.AssertionError" message="expected [true] but found [false]">
      <![CDATA[java.lang.AssertionError: expected [true] but found [false]
at tastCases.TC003_LoginDDT.verify_loginDDT(TC003_LoginDDT.java:44)
at java.base/java.util.ArrayList.forEach(ArrayList.java:1597)
... Removed 29 stack frames]]>
    </failure>
  </testcase> <!-- verify_loginDDT -->
  <testcase classname="tastCases.TC003_LoginDDT" name="verify_loginDDT" time="4.507">
    <failure type="java.lang.AssertionError" message="null">
      <![CDATA[java.lang.AssertionError: null
at tastCases.TC003_LoginDDT.verify_loginDDT(TC003_LoginDDT.java:62)
at java.base/java.util.ArrayList.forEach(ArrayList.java:1597)
... Removed 27 stack frames]]>
    </failure>
  </testcase> <!-- verify_loginDDT -->
  <testcase classname="tastCases.TC003_LoginDDT" name="verify_loginDDT" time="3924.898">
    <failure type="java.lang.AssertionError" message="null">
      <![CDATA[java.lang.AssertionError: null
at tastCases.TC003_LoginDDT.verify_loginDDT(TC003_LoginDDT.java:62)
at java.base/java.util.ArrayList.forEach(ArrayList.java:1597)
... Removed 27 stack frames]]>
    </failure>
  </testcase> <!-- verify_loginDDT -->
</testsuite> <!-- MasterTest1(failed) -->
