<?xml version="1.0" encoding="UTF-8"?>
<!-- Generated by org.testng.reporters.JUnitXMLReporter -->
<testsuite ignored="1" hostname="sai" failures="1" tests="1" name="MasterTest" time="0.133" errors="0" timestamp="2026-03-22T19:30:23 IST">
  <testcase classname="tastCases.TC001Accountregestration" name="verify_account_reg" time="0.022">
    <failure type="java.lang.NullPointerException" message="Cannot invoke &amp;quot;org.apache.logging.log4j.Logger.info(String)&amp;quot; because &amp;quot;this.logger&amp;quot; is null">
      <![CDATA[java.lang.NullPointerException: Cannot invoke "org.apache.logging.log4j.Logger.info(String)" because "this.logger" is null
at tastCases.TC001Accountregestration.verify_account_reg(TC001Accountregestration.java:22)
at java.base/java.util.ArrayList.forEach(ArrayList.java:1597)
... Removed 25 stack frames]]>
    </failure>
  </testcase> <!-- verify_account_reg -->
  <testcase classname="tastCases.TC002LoginTest" name="VerifyLogin" time="0.0">
    <ignored/>
  </testcase> <!-- VerifyLogin -->
</testsuite> <!-- MasterTest -->
