<?xml version="1.0" encoding="UTF-8"?>
<!-- Generated by org.testng.reporters.JUnitReportReporter -->
<testsuite hostname="sai" failures="0" tests="3" name="tastCases.TC002LoginTest" time="14.178" errors="0" timestamp="2026-04-02T15:59:28 IST" skipped="0">
  <testcase classname="tastCases.TC002LoginTest" name="VerifyLogin" time="5.867"/>
  <testcase classname="tastCases.TC002LoginTest" name="VerifyLogin" time="2.826"/>
  <testcase classname="tastCases.TC002LoginTest" name="VerifyLogin" time="5.485"/>
</testsuite> <!-- tastCases.TC002LoginTest -->
