<?xml version="1.0" encoding="UTF-8"?>
<!-- Generated by org.testng.reporters.JUnitReportReporter -->
<testsuite hostname="sai" failures="0" tests="3" name="tastCases.TC001Accountregestration" time="27.207" errors="0" timestamp="2026-04-02T15:59:28 IST" skipped="0">
  <testcase classname="tastCases.TC001Accountregestration" name="verify_account_reg" time="10.178"/>
  <testcase classname="tastCases.TC001Accountregestration" name="verify_account_reg" time="8.456"/>
  <testcase classname="tastCases.TC001Accountregestration" name="verify_account_reg" time="8.573"/>
</testsuite> <!-- tastCases.TC001Accountregestration -->
